[best @ draw 0] a_pow=1.210175e-06
A1 bins: [1.0715614  1.17859568 1.0683201  0.77056486 1.19850048 1.0933812 ]
A2 bins: [0.89817474 1.12324703 1.07563854 1.06059121 1.00570064 1.11554447]

[progress] draw 0/80 current a_pow=1.210175e-06 best=1.210175e-06

[best @ draw 2] a_pow=1.217650e-06
A1 bins: [0.58144872 0.68536574 0.96564943 0.91902856 1.04365461 1.0444228 ]
A2 bins: [1.52740123 0.80059174 0.92726026 1.50464098 1.13807769 1.14180766]

[best @ draw 5] a_pow=1.218448e-06
A1 bins: [1.01087921 1.05607401 0.82165258 0.80133627 1.04072429 0.91087471]
A2 bins: [1.048228   1.16404837 0.71909811 1.05219412 1.27753111 0.94223047]

[progress] draw 5/80 current a_pow=1.218448e-06 best=1.218448e-06

[progress] draw 10/80 current a_pow=1.184116e-06 best=1.218448e-06

[best @ draw 11] a_pow=1.227900e-06
A1 bins: [0.92213793 1.05714996 0.96530936 0.84456446 0.93803759 0.82689304]
A2 bins: [1.00130385 0.79869731 0.80366009 1.33828958 0.98941953 0.9892775 ]

[progress] draw 15/80 current a_pow=1.208718e-06 best=1.227900e-06

[progress] draw 20/80 current a_pow=1.216564e-06 best=1.227900e-06

[best @ draw 22] a_pow=1.251325e-06
A1 bins: [1.0079359  0.76169286 1.00561456 0.98908736 1.19691565 0.83280307]
A2 bins: [0.88233692 1.06890669 0.61170036 1.85894377 0.86959287 0.86418621]

[progress] draw 25/80 current a_pow=1.203442e-06 best=1.251325e-06

[progress] draw 30/80 current a_pow=1.201637e-06 best=1.251325e-06

[progress] draw 35/80 current a_pow=1.200119e-06 best=1.251325e-06

[progress] draw 40/80 current a_pow=1.209257e-06 best=1.251325e-06

[progress] draw 45/80 current a_pow=1.195308e-06 best=1.251325e-06

[progress] draw 50/80 current a_pow=1.248766e-06 best=1.251325e-06

[progress] draw 55/80 current a_pow=1.195036e-06 best=1.251325e-06

[progress] draw 60/80 current a_pow=1.197851e-06 best=1.251325e-06

[progress] draw 65/80 current a_pow=1.204929e-06 best=1.251325e-06

[progress] draw 70/80 current a_pow=1.201833e-06 best=1.251325e-06

[progress] draw 75/80 current a_pow=1.194628e-06 best=1.251325e-06

best a_pow: 1.2513246035728577e-06
best A1 bins: [1.0079359  0.76169286 1.00561456 0.98908736 1.19691565 0.83280307]
best A2 bins: [0.88233692 1.06890669 0.61170036 1.85894377 0.86959287 0.86418621]
