[best @ draw 0] a_pow=1.224499e-06
A1 bins: [1.0715614  1.17859568 1.0683201  0.77056486 1.19850048 1.0933812 ]
A2 bins: [0.89817474 1.12324703 1.07563854 1.06059121 1.00570064 1.11554447]

[progress] draw 0/80 current a_pow=1.224499e-06 best=1.224499e-06

[best @ draw 2] a_pow=1.235963e-06
A1 bins: [0.58144872 0.68536574 0.96564943 0.91902856 1.04365461 1.0444228 ]
A2 bins: [1.52740123 0.80059174 0.92726026 1.50464098 1.13807769 1.14180766]

[progress] draw 5/80 current a_pow=1.232118e-06 best=1.235963e-06

[progress] draw 10/80 current a_pow=1.194734e-06 best=1.235963e-06

[best @ draw 11] a_pow=1.242167e-06
A1 bins: [0.92213793 1.05714996 0.96530936 0.84456446 0.93803759 0.82689304]
A2 bins: [1.00130385 0.79869731 0.80366009 1.33828958 0.98941953 0.9892775 ]

[progress] draw 15/80 current a_pow=1.209040e-06 best=1.242167e-06

[progress] draw 20/80 current a_pow=1.228836e-06 best=1.242167e-06

[best @ draw 22] a_pow=1.262497e-06
A1 bins: [1.0079359  0.76169286 1.00561456 0.98908736 1.19691565 0.83280307]
A2 bins: [0.88233692 1.06890669 0.61170036 1.85894377 0.86959287 0.86418621]

[progress] draw 25/80 current a_pow=1.221088e-06 best=1.262497e-06

[progress] draw 30/80 current a_pow=1.219969e-06 best=1.262497e-06

[progress] draw 35/80 current a_pow=1.213177e-06 best=1.262497e-06

[progress] draw 40/80 current a_pow=1.210088e-06 best=1.262497e-06

[progress] draw 45/80 current a_pow=1.209876e-06 best=1.262497e-06

[progress] draw 50/80 current a_pow=1.250581e-06 best=1.262497e-06

[progress] draw 55/80 current a_pow=1.211813e-06 best=1.262497e-06

[progress] draw 60/80 current a_pow=1.213715e-06 best=1.262497e-06

[progress] draw 65/80 current a_pow=1.218019e-06 best=1.262497e-06

[progress] draw 70/80 current a_pow=1.204500e-06 best=1.262497e-06

[progress] draw 75/80 current a_pow=1.205412e-06 best=1.262497e-06

best a_pow: 1.262496565028692e-06
best A1 bins: [1.0079359  0.76169286 1.00561456 0.98908736 1.19691565 0.83280307]
best A2 bins: [0.88233692 1.06890669 0.61170036 1.85894377 0.86959287 0.86418621]
